Copyright 1986-2018 Xilinx, Inc. All Rights Reserved.
-------------------------------------------------------------------------------------------------------------------------------
| Tool Version     : Vivado v.2018.2.2 (win64) Build 2348494 Mon Oct  1 18:25:44 MDT 2018
| Date             : Mon Dec 10 01:23:05 2018
| Host             : DESKTOP-QA2Q75J running 64-bit major release  (build 9200)
| Command          : report_power -file top_power_routed.rpt -pb top_power_summary_routed.pb -rpx top_power_routed.rpx
| Design           : top
| Device           : xc7a100tcsg324-1
| Design State     : routed
| Grade            : commercial
| Process          : typical
| Characterization : Production
-------------------------------------------------------------------------------------------------------------------------------

Power Report

Table of Contents
-----------------
1. Summary
1.1 On-Chip Components
1.2 Power Supply Summary
1.3 Confidence Level
2. Settings
2.1 Environment
2.2 Clock Constraints
3. Detailed Reports
3.1 By Hierarchy

1. Summary
----------

+--------------------------+--------------+
| Total On-Chip Power (W)  | 0.244        |
| Design Power Budget (W)  | Unspecified* |
| Power Budget Margin (W)  | NA           |
| Dynamic (W)              | 0.145        |
| Device Static (W)        | 0.099        |
| Effective TJA (C/W)      | 4.6          |
| Max Ambient (C)          | 83.9         |
| Junction Temperature (C) | 26.1         |
| Confidence Level         | Low          |
| Setting File             | ---          |
| Simulation Activity File | ---          |
| Design Nets Matched      | NA           |
+--------------------------+--------------+
* Specify Design Power Budget using, set_operating_conditions -design_power_budget <value in Watts>


1.1 On-Chip Components
----------------------

+----------------+-----------+----------+-----------+-----------------+
| On-Chip        | Power (W) | Used     | Available | Utilization (%) |
+----------------+-----------+----------+-----------+-----------------+
| Clocks         |     0.008 |        6 |       --- |             --- |
| Slice Logic    |     0.003 |     1770 |       --- |             --- |
|   LUT as Logic |     0.003 |      811 |     63400 |            1.28 |
|   CARRY4       |    <0.001 |       69 |     15850 |            0.44 |
|   Register     |    <0.001 |      704 |    126800 |            0.56 |
|   F7/F8 Muxes  |    <0.001 |        2 |     63400 |           <0.01 |
|   Others       |     0.000 |      102 |       --- |             --- |
| Signals        |     0.008 |     1625 |       --- |             --- |
| Block RAM      |     0.005 |     31.5 |       135 |           23.33 |
| MMCM           |     0.117 |        1 |         6 |           16.67 |
| DSPs           |    <0.001 |        2 |       240 |            0.83 |
| I/O            |     0.004 |       38 |       210 |           18.10 |
| Static Power   |     0.099 |          |           |                 |
| Total          |     0.244 |          |           |                 |
+----------------+-----------+----------+-----------+-----------------+


1.2 Power Supply Summary
------------------------

+-----------+-------------+-----------+-------------+------------+
| Source    | Voltage (V) | Total (A) | Dynamic (A) | Static (A) |
+-----------+-------------+-----------+-------------+------------+
| Vccint    |       1.000 |     0.041 |       0.025 |      0.016 |
| Vccaux    |       1.800 |     0.083 |       0.065 |      0.018 |
| Vcco33    |       3.300 |     0.005 |       0.001 |      0.004 |
| Vcco25    |       2.500 |     0.000 |       0.000 |      0.000 |
| Vcco18    |       1.800 |     0.000 |       0.000 |      0.000 |
| Vcco15    |       1.500 |     0.000 |       0.000 |      0.000 |
| Vcco135   |       1.350 |     0.000 |       0.000 |      0.000 |
| Vcco12    |       1.200 |     0.000 |       0.000 |      0.000 |
| Vccaux_io |       1.800 |     0.000 |       0.000 |      0.000 |
| Vccbram   |       1.000 |     0.001 |       0.000 |      0.001 |
| MGTAVcc   |       1.000 |     0.000 |       0.000 |      0.000 |
| MGTAVtt   |       1.200 |     0.000 |       0.000 |      0.000 |
| Vccadc    |       1.800 |     0.020 |       0.000 |      0.020 |
+-----------+-------------+-----------+-------------+------------+


1.3 Confidence Level
--------------------

+-----------------------------+------------+--------------------------------------------------------+------------------------------------------------------------------------------------------------------------+
| User Input Data             | Confidence | Details                                                | Action                                                                                                     |
+-----------------------------+------------+--------------------------------------------------------+------------------------------------------------------------------------------------------------------------+
| Design implementation state | High       | Design is routed                                       |                                                                                                            |
| Clock nodes activity        | High       | User specified more than 95% of clocks                 |                                                                                                            |
| I/O nodes activity          | Low        | More than 75% of inputs are missing user specification | Provide missing input activity with simulation results or by editing the "By Resource Type -> I/Os" view   |
| Internal nodes activity     | Medium     | User specified less than 25% of internal nodes         | Provide missing internal nodes activity with simulation results or by editing the "By Resource Type" views |
| Device models               | High       | Device models are Production                           |                                                                                                            |
|                             |            |                                                        |                                                                                                            |
| Overall confidence level    | Low        |                                                        |                                                                                                            |
+-----------------------------+------------+--------------------------------------------------------+------------------------------------------------------------------------------------------------------------+


2. Settings
-----------

2.1 Environment
---------------

+-----------------------+--------------------------+
| Ambient Temp (C)      | 25.0                     |
| ThetaJA (C/W)         | 4.6                      |
| Airflow (LFM)         | 250                      |
| Heat Sink             | medium (Medium Profile)  |
| ThetaSA (C/W)         | 4.6                      |
| Board Selection       | medium (10"x10")         |
| # of Board Layers     | 12to15 (12 to 15 Layers) |
| Board Temperature (C) | 25.0                     |
+-----------------------+--------------------------+


2.2 Clock Constraints
---------------------

+--------------------+----------------------------------------+-----------------+
| Clock              | Domain                                 | Constraint (ns) |
+--------------------+----------------------------------------+-----------------+
| clk_out1_clk_wiz_0 | nolabel_line53/inst/clk_out1_clk_wiz_0 |             6.7 |
| clkfbout_clk_wiz_0 | nolabel_line53/inst/clkfbout_clk_wiz_0 |            40.0 |
| sys_clk_pin        | CLK100MHZ                              |            10.0 |
| sys_clk_pin        | CLK100MHZ_IBUF_BUFG                    |            10.0 |
+--------------------+----------------------------------------+-----------------+


3. Detailed Reports
-------------------

3.1 By Hierarchy
----------------

+------------------------------------------------+-----------+
| Name                                           | Power (W) |
+------------------------------------------------+-----------+
| top                                            |     0.145 |
|   nolabel_line107                              |    <0.001 |
|   nolabel_line115                              |    <0.001 |
|     nolabel_line28                             |    <0.001 |
|       U0                                       |    <0.001 |
|         i_synth                                |    <0.001 |
|           i_baseblox.i_baseblox_counter        |    <0.001 |
|             the_addsub                         |    <0.001 |
|               no_pipelining.the_addsub         |    <0.001 |
|                 i_lut6.i_lut6_addsub           |    <0.001 |
|                   i_q.i_simple.qreg            |    <0.001 |
|     nolabel_line29                             |    <0.001 |
|       U0                                       |    <0.001 |
|         i_synth                                |    <0.001 |
|           i_baseblox.i_baseblox_counter        |    <0.001 |
|             the_addsub                         |    <0.001 |
|               no_pipelining.the_addsub         |    <0.001 |
|                 i_lut6.i_lut6_addsub           |    <0.001 |
|                   i_q.i_simple.qreg            |    <0.001 |
|     nolabel_line30                             |    <0.001 |
|       U0                                       |    <0.001 |
|         i_synth                                |    <0.001 |
|           i_baseblox.i_baseblox_counter        |    <0.001 |
|             the_addsub                         |    <0.001 |
|               no_pipelining.the_addsub         |    <0.001 |
|                 i_lut6.i_lut6_addsub           |    <0.001 |
|                   i_q.i_simple.qreg            |    <0.001 |
|     nolabel_line31                             |    <0.001 |
|       U0                                       |    <0.001 |
|         i_synth                                |    <0.001 |
|           i_baseblox.i_baseblox_counter        |    <0.001 |
|             the_addsub                         |    <0.001 |
|               no_pipelining.the_addsub         |    <0.001 |
|                 i_lut6.i_lut6_addsub           |    <0.001 |
|                   i_q.i_simple.qreg            |    <0.001 |
|     nolabel_line34                             |    <0.001 |
|   nolabel_line53                               |     0.117 |
|     inst                                       |     0.117 |
|   nolabel_line55                               |     0.017 |
|     nolabel_line46                             |     0.005 |
|     nolabel_line81                             |     0.009 |
|       U0                                       |     0.009 |
|         inst_blk_mem_gen                       |     0.009 |
|           gnbram.gnativebmg.native_blk_mem_gen |     0.009 |
|             valid.cstr                         |     0.009 |
|               bindec_a.bindec_inst_a           |    <0.001 |
|               has_mux_a.A                      |    <0.001 |
|               ramloop[0].ram.r                 |    <0.001 |
|                 prim_init.ram                  |    <0.001 |
|               ramloop[10].ram.r                |    <0.001 |
|                 prim_init.ram                  |    <0.001 |
|               ramloop[11].ram.r                |    <0.001 |
|                 prim_init.ram                  |    <0.001 |
|               ramloop[12].ram.r                |    <0.001 |
|                 prim_init.ram                  |    <0.001 |
|               ramloop[13].ram.r                |    <0.001 |
|                 prim_init.ram                  |    <0.001 |
|               ramloop[14].ram.r                |    <0.001 |
|                 prim_init.ram                  |    <0.001 |
|               ramloop[15].ram.r                |    <0.001 |
|                 prim_init.ram                  |    <0.001 |
|               ramloop[16].ram.r                |    <0.001 |
|                 prim_init.ram                  |    <0.001 |
|               ramloop[1].ram.r                 |    <0.001 |
|                 prim_init.ram                  |    <0.001 |
|               ramloop[2].ram.r                 |    <0.001 |
|                 prim_init.ram                  |    <0.001 |
|               ramloop[3].ram.r                 |    <0.001 |
|                 prim_init.ram                  |    <0.001 |
|               ramloop[4].ram.r                 |    <0.001 |
|                 prim_init.ram                  |    <0.001 |
|               ramloop[5].ram.r                 |    <0.001 |
|                 prim_init.ram                  |    <0.001 |
|               ramloop[6].ram.r                 |    <0.001 |
|                 prim_init.ram                  |    <0.001 |
|               ramloop[7].ram.r                 |    <0.001 |
|                 prim_init.ram                  |    <0.001 |
|               ramloop[8].ram.r                 |    <0.001 |
|                 prim_init.ram                  |    <0.001 |
|               ramloop[9].ram.r                 |    <0.001 |
|                 prim_init.ram                  |    <0.001 |
|   nolabel_line68                               |     0.005 |
|   nolabel_line85                               |    <0.001 |
|   nolabel_line97                               |    <0.001 |
+------------------------------------------------+-----------+


