#-----------------------------------------------------------
# Vivado v2018.2.2 (64-bit)
# SW Build 2348494 on Mon Oct  1 18:25:44 MDT 2018
# IP Build 2318053 on Mon Oct  1 21:44:26 MDT 2018
# Start of session at: Wed Dec  5 15:18:39 2018
# Process ID: 5952
# Current directory: C:/Users/Yu/Documents/GitHub/Digital_Circuit/lab11/GreedySnakeGame
# Command line: vivado.exe -gui_launcher_event rodinguilauncherevent7372 C:\Users\Yu\Documents\GitHub\Digital_Circuit\lab11\GreedySnakeGame\GreedySnakeGame.xpr
# Log file: C:/Users/Yu/Documents/GitHub/Digital_Circuit/lab11/GreedySnakeGame/vivado.log
# Journal file: C:/Users/Yu/Documents/GitHub/Digital_Circuit/lab11/GreedySnakeGame\vivado.jou
#-----------------------------------------------------------
start_gui
open_project C:/Users/Yu/Documents/GitHub/Digital_Circuit/lab11/GreedySnakeGame/GreedySnakeGame.xpr
Scanning sources...
Finished scanning sources
INFO: [IP_Flow 19-234] Refreshing IP repositories
INFO: [IP_Flow 19-1704] No user IP repositories specified
INFO: [IP_Flow 19-2313] Loaded Vivado IP repository 'C:/Xilinx/Vivado/2018.2/data/ip'.
open_project: Time (s): cpu = 00:00:12 ; elapsed = 00:00:09 . Memory (MB): peak = 854.945 ; gain = 157.426
update_compile_order -fileset sources_1
set_property top top [current_fileset]
update_compile_order -fileset sources_1
update_compile_order -fileset sources_1
update_compile_order -fileset sources_1
add_files -norecurse C:/Users/Yu/Documents/GitHub/Digital_Circuit/lab11/GreedySnakeGame/GreedySnakeGame.srcs/sources_1/new/display.v
update_compile_order -fileset sources_1
export_ip_user_files -of_objects  [get_files C:/Users/Yu/Documents/GitHub/Digital_Circuit/lab11/GreedySnakeGame/GreedySnakeGame.srcs/sources_1/new/vga.v] -no_script -reset -force -quiet
remove_files  C:/Users/Yu/Documents/GitHub/Digital_Circuit/lab11/GreedySnakeGame/GreedySnakeGame.srcs/sources_1/new/vga.v
reset_run synth_1
launch_runs impl_1 -to_step write_bitstream -jobs 4
[Wed Dec  5 15:31:43 2018] Launched synth_1...
Run output will be captured here: C:/Users/Yu/Documents/GitHub/Digital_Circuit/lab11/GreedySnakeGame/GreedySnakeGame.runs/synth_1/runme.log
[Wed Dec  5 15:31:43 2018] Launched impl_1...
Run output will be captured here: C:/Users/Yu/Documents/GitHub/Digital_Circuit/lab11/GreedySnakeGame/GreedySnakeGame.runs/impl_1/runme.log
reset_run synth_1
launch_runs impl_1 -to_step write_bitstream -jobs 4
[Wed Dec  5 15:32:59 2018] Launched synth_1...
Run output will be captured here: C:/Users/Yu/Documents/GitHub/Digital_Circuit/lab11/GreedySnakeGame/GreedySnakeGame.runs/synth_1/runme.log
[Wed Dec  5 15:32:59 2018] Launched impl_1...
Run output will be captured here: C:/Users/Yu/Documents/GitHub/Digital_Circuit/lab11/GreedySnakeGame/GreedySnakeGame.runs/impl_1/runme.log
open_hw
connect_hw_server
INFO: [Labtools 27-2285] Connecting to hw_server url TCP:localhost:3121
INFO: [Labtools 27-2222] Launching hw_server...
INFO: [Labtools 27-2221] Launch Output:

****** Xilinx hw_server v2018.2.2
  **** Build date : Oct  1 2018-20:15:45
    ** Copyright 1986-2018 Xilinx, Inc. All Rights Reserved.


open_hw_target
INFO: [Labtoolstcl 44-466] Opening hw_target localhost:3121/xilinx_tcf/Digilent/210292A8B2F0A
set_property PROGRAM.FILE {C:/Users/Yu/Documents/GitHub/Digital_Circuit/lab11/GreedySnakeGame/GreedySnakeGame.runs/impl_1/top.bit} [get_hw_devices xc7a100t_0]
current_hw_device [get_hw_devices xc7a100t_0]
refresh_hw_device -update_hw_probes false [lindex [get_hw_devices xc7a100t_0] 0]
INFO: [Labtools 27-1434] Device xc7a100t (JTAG device index = 0) is programmed with a design that has no supported debug core(s) in it.
WARNING: [Labtools 27-3361] The debug hub core was not detected.
Resolution: 
1. Make sure the clock connected to the debug hub (dbg_hub) core is a free running clock and is active.
2. Make sure the BSCAN_SWITCH_USER_MASK device property in Vivado Hardware Manager reflects the user scan chain setting in the design and refresh the device.  To determine the user scan chain setting in the design, open the implemented design and use 'get_property C_USER_SCAN_CHAIN [get_debug_cores dbg_hub]'.
For more details on setting the scan chain property, consult the Vivado Debug and Programming User Guide (UG908).
create_hw_cfgmem -hw_device [lindex [get_hw_devices] 0] -mem_dev [lindex [get_cfgmem_parts {s25fl128sxxxxxx0-spi-x1_x2_x4}] 0]
set_property PROBES.FILE {} [get_hw_devices xc7a100t_0]
set_property FULL_PROBES.FILE {} [get_hw_devices xc7a100t_0]
set_property PROGRAM.FILE {C:/Users/Yu/Documents/GitHub/Digital_Circuit/lab11/GreedySnakeGame/GreedySnakeGame.runs/impl_1/top.bit} [get_hw_devices xc7a100t_0]
program_hw_devices [get_hw_devices xc7a100t_0]
INFO: [Labtools 27-3164] End of startup status: HIGH
refresh_hw_device [lindex [get_hw_devices xc7a100t_0] 0]
INFO: [Labtools 27-1434] Device xc7a100t (JTAG device index = 0) is programmed with a design that has no supported debug core(s) in it.
WARNING: [Labtools 27-3361] The debug hub core was not detected.
Resolution: 
1. Make sure the clock connected to the debug hub (dbg_hub) core is a free running clock and is active.
2. Make sure the BSCAN_SWITCH_USER_MASK device property in Vivado Hardware Manager reflects the user scan chain setting in the design and refresh the device.  To determine the user scan chain setting in the design, open the implemented design and use 'get_property C_USER_SCAN_CHAIN [get_debug_cores dbg_hub]'.
For more details on setting the scan chain property, consult the Vivado Debug and Programming User Guide (UG908).
close_hw
export_ip_user_files -of_objects  [get_files C:/Users/Yu/Documents/GitHub/Digital_Circuit/lab11/GreedySnakeGame/GreedySnakeGame.srcs/sources_1/ip/clk_wiz_1/clk_wiz_1.xci] -no_script -reset -force -quiet
remove_files  -fileset clk_wiz_1 C:/Users/Yu/Documents/GitHub/Digital_Circuit/lab11/GreedySnakeGame/GreedySnakeGame.srcs/sources_1/ip/clk_wiz_1/clk_wiz_1.xci
INFO: [Project 1-386] Moving file 'C:/Users/Yu/Documents/GitHub/Digital_Circuit/lab11/GreedySnakeGame/GreedySnakeGame.srcs/sources_1/ip/clk_wiz_1/clk_wiz_1.xci' from fileset 'clk_wiz_1' to fileset 'sources_1'.
exit
INFO: [Common 17-206] Exiting Vivado at Wed Dec  5 15:37:54 2018...
