#-----------------------------------------------------------
# Vivado v2018.2.2 (64-bit)
# SW Build 2348494 on Mon Oct  1 18:25:44 MDT 2018
# IP Build 2318053 on Mon Oct  1 21:44:26 MDT 2018
# Start of session at: Tue Dec  4 21:21:13 2018
# Process ID: 19204
# Current directory: C:/Users/Yu/Documents/GitHub/Digital_Circuit/lab11/GreedySnakeGame
# Command line: vivado.exe -gui_launcher_event rodinguilauncherevent1148 C:\Users\Yu\Documents\GitHub\Digital_Circuit\lab11\GreedySnakeGame\GreedySnakeGame.xpr
# Log file: C:/Users/Yu/Documents/GitHub/Digital_Circuit/lab11/GreedySnakeGame/vivado.log
# Journal file: C:/Users/Yu/Documents/GitHub/Digital_Circuit/lab11/GreedySnakeGame\vivado.jou
#-----------------------------------------------------------
start_gui
open_project C:/Users/Yu/Documents/GitHub/Digital_Circuit/lab11/GreedySnakeGame/GreedySnakeGame.xpr
Scanning sources...
Finished scanning sources
INFO: [IP_Flow 19-234] Refreshing IP repositories
INFO: [IP_Flow 19-1704] No user IP repositories specified
INFO: [IP_Flow 19-2313] Loaded Vivado IP repository 'C:/Xilinx/Vivado/2018.2/data/ip'.
open_project: Time (s): cpu = 00:00:11 ; elapsed = 00:00:10 . Memory (MB): peak = 786.555 ; gain = 77.605
update_compile_order -fileset sources_1
close [ open C:/Users/Yu/Documents/GitHub/Digital_Circuit/lab11/GreedySnakeGame/GreedySnakeGame.srcs/sources_1/new/seg.v w ]
add_files C:/Users/Yu/Documents/GitHub/Digital_Circuit/lab11/GreedySnakeGame/GreedySnakeGame.srcs/sources_1/new/seg.v
update_compile_order -fileset sources_1
update_compile_order -fileset sources_1
update_compile_order -fileset sources_1
update_compile_order -fileset sources_1
close [ open C:/Users/Yu/Documents/GitHub/Digital_Circuit/lab11/GreedySnakeGame/GreedySnakeGame.srcs/sources_1/new/control.v w ]
add_files C:/Users/Yu/Documents/GitHub/Digital_Circuit/lab11/GreedySnakeGame/GreedySnakeGame.srcs/sources_1/new/control.v
update_compile_order -fileset sources_1
update_compile_order -fileset sources_1
close [ open C:/Users/Yu/Documents/GitHub/Digital_Circuit/lab11/GreedySnakeGame/GreedySnakeGame.srcs/sources_1/new/audio.v w ]
add_files C:/Users/Yu/Documents/GitHub/Digital_Circuit/lab11/GreedySnakeGame/GreedySnakeGame.srcs/sources_1/new/audio.v
update_compile_order -fileset sources_1
update_compile_order -fileset sources_1
close [ open C:/Users/Yu/Documents/GitHub/Digital_Circuit/lab11/GreedySnakeGame/GreedySnakeGame.srcs/sources_1/new/apple.v w ]
add_files C:/Users/Yu/Documents/GitHub/Digital_Circuit/lab11/GreedySnakeGame/GreedySnakeGame.srcs/sources_1/new/apple.v
update_compile_order -fileset sources_1
update_compile_order -fileset sources_1
exit
INFO: [Common 17-206] Exiting Vivado at Tue Dec  4 21:40:59 2018...
